28.04.2023 22:16:45 day22_Log4j.C02_Log4jTest UITestPractice Sayfasına gidildi
28.04.2023 22:16:46 day22_Log4j.C02_Log4jTest Form da istenen bölümler dolduruldu
28.04.2023 22:16:48 day22_Log4j.C02_Log4jTest JS kodu kullanılmış olabilir JSExecutor Kullanıldı
28.04.2023 22:16:48 day22_Log4j.C02_Log4jTest Istenen Url kontrol edildi
28.04.2023 22:20:12 day22_Log4j.C02_Log4jTest UITestPractice Sayfasına gidildi
28.04.2023 22:20:13 day22_Log4j.C02_Log4jTest Form da istenen bölümler dolduruldu
28.04.2023 22:20:16 day22_Log4j.C02_Log4jTest JS kodu kullanılmış olabilir JSExecutor Kullanıldı
28.04.2023 22:20:16 day22_Log4j.C02_Log4jTest Istenen Url kontrol edildi
30.04.2023 13:38:15 day22_Log4j.C01_Log4jPractice info
30.04.2023 13:38:15 day22_Log4j.C01_Log4jPractice warn
30.04.2023 13:38:15 day22_Log4j.C01_Log4jPractice fatal
30.04.2023 13:38:15 day22_Log4j.C01_Log4jPractice error
30.04.2023 13:52:29 day22_Log4j.C02_Log4jTestPractice Sayfaya gidildi
30.04.2023 13:52:29 day22_Log4j.C02_Log4jTestPractice Alanlar dolduruldu
30.04.2023 13:52:30 day22_Log4j.C02_Log4jTestPractice Submit tıklandı
30.04.2023 13:52:30 day22_Log4j.C02_Log4jTestPractice Url kontrol edildi
30.04.2023 13:53:23 day22_Log4j.C02_Log4jTest UITestPractice Sayfasına gidildi
30.04.2023 13:53:24 day22_Log4j.C02_Log4jTest Form da istenen bölümler dolduruldu
30.04.2023 13:53:26 day22_Log4j.C02_Log4jTest JS kodu kullanılmış olabilir JSExecutor Kullanıldı
30.04.2023 13:53:26 day22_Log4j.C02_Log4jTest Istenen Url kontrol edildi
